Arguments: 
  /goinfre/akarabay/nodejs/bin/node /Users/akarabay/goinfre/nodejs/bin/yarn add axios

PATH: 
  /usr/local/bin:/usr/bin:/bin:/usr/sbin:/sbin:/usr/local/munki:/Library/Apple/usr/bin:/Users/akarabay/go/react/google-translate-clone/node_modules/.bin:/Users/akarabay/goinfre/go/bin:/Users/akarabay/goinfre/nodejs/bin

Yarn version: 
  1.22.18

Node version: 
  16.14.2

Platform: 
  darwin x64

Trace: 
  Error: ENOSPC: no space left on device, mkdir '/Users/akarabay/Library/Caches/Yarn/v6/npm-defined-1.0.0-c98d9bcef75674188e110969151199e39b1fa693-integrity'

npm manifest: 
  {
    "name": "google-translate-clone",
    "version": "0.1.0",
    "private": true,
    "dependencies": {
      "@testing-library/jest-dom": "^5.16.4",
      "@testing-library/react": "^13.1.1",
      "@testing-library/user-event": "^13.5.0",
      "react": "^18.0.0",
      "react-dom": "^18.0.0",
      "react-scripts": "5.0.1",
      "web-vitals": "^2.1.4"
    },
    "scripts": {
      "start": "react-scripts start",
      "build": "react-scripts build",
      "test": "react-scripts test",
      "eject": "react-scripts eject"
    },
    "eslintConfig": {
      "extends": [
        "react-app",
        "react-app/jest"
      ]
    },
    "browserslist": {
      "production": [
        ">0.2%",
        "not dead",
        "not op_mini all"
      ],
      "development": [
        "last 1 chrome version",
        "last 1 firefox version",
        "last 1 safari version"
      ]
    }
  }

yarn manifest: 
  No manifest

Lockfile: 
  No lockfile
